<?xml version="1.0" encoding="UTF-8"?>
<testng-results skipped="0" failed="0" ignored="0" total="2" passed="2">
  <reporter-output>
  </reporter-output>
  <suite name="Suite" duration-ms="79969" started-at="2020-01-23T05:13:00Z" finished-at="2020-01-23T05:14:20Z">
    <groups>
    </groups>
    <test name="All Test" duration-ms="79969" started-at="2020-01-23T05:13:00Z" finished-at="2020-01-23T05:14:20Z">
      <class name="secondTest.SecondTest">
        <test-method status="PASS" signature="validateSecondTest()[pri:0, instance:secondTest.SecondTest@2cbb3d47]" name="validateSecondTest" duration-ms="39323" started-at="2020-01-23T10:43:00Z" finished-at="2020-01-23T10:43:39Z">
          <reporter-output>
          </reporter-output>
        </test-method> <!-- validateSecondTest -->
      </class> <!-- secondTest.SecondTest -->
      <class name="firstTest.FirstTest">
        <test-method status="PASS" signature="validateFirstTest()[pri:0, instance:firstTest.FirstTest@7ff95560]" name="validateFirstTest" duration-ms="40569" started-at="2020-01-23T10:43:39Z" finished-at="2020-01-23T10:44:20Z">
          <reporter-output>
          </reporter-output>
        </test-method> <!-- validateFirstTest -->
      </class> <!-- firstTest.FirstTest -->
    </test> <!-- All Test -->
  </suite> <!-- Suite -->
</testng-results>
